<?xml version="1.0" encoding="UTF-8"?>
<testsuite xmlns:xsi="http://www.w3.org/2001/XMLSchema-instance" xsi:noNamespaceSchemaLocation="https://maven.apache.org/surefire/maven-surefire-plugin/xsd/surefire-test-report.xsd" name="ValidatorTest" time="0.011" tests="12" errors="0" skipped="0" failures="0">
  <properties>
[...]
</properties>
  <testcase name="testIsMACAddress" classname="ValidatorTest" time="0"/>
  <testcase name="testIsPortString" classname="ValidatorTest" time="0"/>
  <testcase name="testIsCEP" classname="ValidatorTest" time="0"/>
  <testcase name="testIsMD5" classname="ValidatorTest" time="0"/>
  <testcase name="testIsPortInt" classname="ValidatorTest" time="0"/>
  <testcase name="testIsBase64" classname="ValidatorTest" time="0.001"/>
  <testcase name="testIsNumber" classname="ValidatorTest" time="0.001"/>
  <testcase name="testIsPostalCode" classname="ValidatorTest" time="0.001"/>
  <testcase name="testIsDate" classname="ValidatorTest" time="0.001"/>
  <testcase name="testIsTime" classname="ValidatorTest" time="0.001"/>
  <testcase name="testIsDecimal" classname="ValidatorTest" time="0.001"/>
  <testcase name="testIsAscii" classname="ValidatorTest" time="0.002"/>
</testsuite>