<?xml version="1.0" encoding="UTF-8"?>
<testsuite xmlns:xsi="http://www.w3.org/2001/XMLSchema-instance" xsi:noNamespaceSchemaLocation="https://maven.apache.org/surefire/maven-surefire-plugin/xsd/surefire-test-report.xsd" name="CpfValidatorTest" time="0.001" tests="6" errors="0" skipped="0" failures="0">
  <properties>
[...]
</properties>
  <testcase name="testInvalidLengthCpf" classname="CpfValidatorTest" time="0"/>
  <testcase name="testValidCpf" classname="CpfValidatorTest" time="0"/>
  <testcase name="testInvalidFormatCpf" classname="CpfValidatorTest" time="0"/>
  <testcase name="testInvalidCpf" classname="CpfValidatorTest" time="0"/>
  <testcase name="testNullCpf" classname="CpfValidatorTest" time="0"/>
  <testcase name="testEmptyCpf" classname="CpfValidatorTest" time="0"/>
</testsuite>